===== /home/austin/dev/irs-990-api/graphql/irs_fund/resolvers.coffee
/home/austin/misc_git/decaffeinate/dist/cli.js:304
        throw err;
        ^

TypeError: unknown: Duplicate declaration "IrsFund"
  17 |     }
  18 |   },
> 19 |   IrsFund: {
     |   ^^^^^^^
  20 |     async yearlyStats(irsFund) {
  21 |       var irs990s = await IrsFund990.getAllByEin(irsFund.ein);
  22 |       irs990s = _.orderBy(irs990s, 'year');
    at File.buildCodeFrameError (/home/austin/misc_git/decaffeinate/node_modules/@babel/core/lib/transformation/file/file.js:248:12)
    at Scope.checkBlockScopedCollisions (/home/austin/misc_git/decaffeinate/node_modules/@babel/traverse/lib/scope/index.js:425:22)
    at Scope.registerBinding (/home/austin/misc_git/decaffeinate/node_modules/@babel/traverse/lib/scope/index.js:585:16)
    at Scope.registerDeclaration (/home/austin/misc_git/decaffeinate/node_modules/@babel/traverse/lib/scope/index.js:527:14)
    at Scope.registerDeclaration (/home/austin/misc_git/decaffeinate/node_modules/@babel/traverse/lib/scope/index.js:541:14)
    at registerDeclarations (/home/austin/misc_git/decaffeinate/node_modules/@resugar/helper-comments/src/index.js:26:15)
    at Object.replaceWithAndPreserveComments (/home/austin/misc_git/decaffeinate/node_modules/@resugar/helper-comments/src/index.js:13:9)
    at rewriteSingleExportAsDefaultExport (/home/austin/misc_git/decaffeinate/node_modules/@resugar/codemod-modules-commonjs/src/index.js:266:27)
    at rewriteAsExport (/home/austin/misc_git/decaffeinate/node_modules/@resugar/codemod-modules-commonjs/src/index.js:155:9)
    at rewriteImportsAndExports (/home/austin/misc_git/decaffeinate/node_modules/@resugar/codemod-modules-commonjs/src/index.js:85:13)
    at PluginPass.Program (/home/austin/misc_git/decaffeinate/node_modules/@resugar/codemod-modules-commonjs/src/index.js:24:17)
    at newFn (/home/austin/misc_git/decaffeinate/node_modules/@babel/traverse/lib/visitors.js:179:21)
    at NodePath._call (/home/austin/misc_git/decaffeinate/node_modules/@babel/traverse/lib/path/context.js:55:20)
    at NodePath.call (/home/austin/misc_git/decaffeinate/node_modules/@babel/traverse/lib/path/context.js:42:17)
    at NodePath.visit (/home/austin/misc_git/decaffeinate/node_modules/@babel/traverse/lib/path/context.js:90:31)
    at TraversalContext.visitQueue (/home/austin/misc_git/decaffeinate/node_modules/@babel/traverse/lib/context.js:112:16)
    at TraversalContext.visitSingle (/home/austin/misc_git/decaffeinate/node_modules/@babel/traverse/lib/context.js:84:19)
    at TraversalContext.visit (/home/austin/misc_git/decaffeinate/node_modules/@babel/traverse/lib/context.js:140:19)
    at Function.traverse.node (/home/austin/misc_git/decaffeinate/node_modules/@babel/traverse/lib/index.js:84:17)
    at traverse (/home/austin/misc_git/decaffeinate/node_modules/@babel/traverse/lib/index.js:66:12)
    at transformFile (/home/austin/misc_git/decaffeinate/node_modules/@babel/core/lib/transformation/index.js:107:29)
    at transformFile.next (<anonymous>)
    at run (/home/austin/misc_git/decaffeinate/node_modules/@babel/core/lib/transformation/index.js:35:12)
    at run.next (<anonymous>)
    at Object.transform (/home/austin/misc_git/decaffeinate/node_modules/@babel/core/lib/transform.js:27:41)
    at transform.next (<anonymous>)
    at evaluateSync (/home/austin/misc_git/decaffeinate/node_modules/gensync/index.js:244:28)
    at Object.sync (/home/austin/misc_git/decaffeinate/node_modules/gensync/index.js:84:14)
    at Object.transform (/home/austin/misc_git/decaffeinate/node_modules/@codemod/core/src/index.js:32:19)
    at Function.ResugarStage.run (/home/austin/misc_git/decaffeinate/dist/stages/resugar/index.js:20:27)
    at runStage (/home/austin/misc_git/decaffeinate/dist/index.js:97:22)
    at /home/austin/misc_git/decaffeinate/dist/index.js:89:18
    at Array.forEach (<anonymous>)
    at runStages (/home/austin/misc_git/decaffeinate/dist/index.js:88:12)
    at Object.convert (/home/austin/misc_git/decaffeinate/dist/index.js:61:18)
    at runWithCode (/home/austin/misc_git/decaffeinate/dist/cli.js:296:28)
    at ReadStream.<anonymous> (/home/austin/misc_git/decaffeinate/dist/cli.js:278:42)
    at ReadStream.emit (events.js:333:22)
    at endReadableNT (_stream_readable.js:1201:12)
    at processTicksAndRejections (internal/process/task_queues.js:84:21) {
  code: 'BABEL_TRANSFORM_ERROR'
}
